  [1m[36m (1.2ms)[0m  [1mCREATE TABLE "schema_migrations" ("version" varchar NOT NULL) [0m
  [1m[35m (0.0ms)[0m  select sqlite_version(*)
  [1m[36m (1.0ms)[0m  [1mCREATE UNIQUE INDEX "unique_schema_migrations" ON "schema_migrations" ("version")[0m
  [1m[35mActiveRecord::SchemaMigration Load (0.1ms)[0m  SELECT "schema_migrations".* FROM "schema_migrations"
  [1m[36mActiveRecord::SchemaMigration Load (0.1ms)[0m  [1mSELECT "schema_migrations".* FROM "schema_migrations"[0m
Migrating to CreatePosts (20151230232412)
  [1m[35m (0.1ms)[0m  begin transaction
  [1m[36m (0.4ms)[0m  [1mCREATE TABLE "posts" ("id" INTEGER PRIMARY KEY AUTOINCREMENT NOT NULL, "title" varchar, "description" text, "created_at" datetime NOT NULL, "updated_at" datetime NOT NULL) [0m
  [1m[35mSQL (0.2ms)[0m  INSERT INTO "schema_migrations" ("version") VALUES (?)  [["version", "20151230232412"]]
  [1m[36m (1.3ms)[0m  [1mcommit transaction[0m
  [1m[35mActiveRecord::SchemaMigration Load (0.1ms)[0m  SELECT "schema_migrations".* FROM "schema_migrations"


Started GET "/" for ::1 at 2018-08-09 14:20:07 -0400
  [1m[36mActiveRecord::SchemaMigration Load (0.2ms)[0m  [1mSELECT "schema_migrations".* FROM "schema_migrations"[0m
Processing by Rails::WelcomeController#index as HTML
  Rendered /usr/local/lib/ruby/gems/2.5.0/gems/railties-4.2.10/lib/rails/templates/rails/welcome/index.html.erb (3.7ms)
Completed 200 OK in 47ms (Views: 26.6ms | ActiveRecord: 0.0ms)


Started GET "/posts/1" for ::1 at 2018-08-09 14:20:24 -0400
Processing by PostsController#show as HTML
  Parameters: {"id"=>"1"}
  [1m[35mPost Load (0.5ms)[0m  SELECT  "posts".* FROM "posts" WHERE "posts"."id" = ? LIMIT 1  [["id", 1]]
Completed 404 Not Found in 15ms (ActiveRecord: 0.9ms)

ActiveRecord::RecordNotFound (Couldn't find Post with 'id'=1):
  app/controllers/posts_controller.rb:7:in `show'


  Rendered /usr/local/lib/ruby/gems/2.5.0/gems/actionpack-4.2.10/lib/action_dispatch/middleware/templates/rescues/_source.erb (4.3ms)
  Rendered /usr/local/lib/ruby/gems/2.5.0/gems/actionpack-4.2.10/lib/action_dispatch/middleware/templates/rescues/_trace.html.erb (2.2ms)
  Rendered /usr/local/lib/ruby/gems/2.5.0/gems/actionpack-4.2.10/lib/action_dispatch/middleware/templates/rescues/_request_and_response.html.erb (1.2ms)
  Rendered /usr/local/lib/ruby/gems/2.5.0/gems/actionpack-4.2.10/lib/action_dispatch/middleware/templates/rescues/diagnostics.html.erb within rescues/layout (115.7ms)


Started GET "/posts/" for ::1 at 2018-08-09 14:20:28 -0400
Processing by PostsController#index as HTML
  [1m[36mPost Load (0.3ms)[0m  [1mSELECT "posts".* FROM "posts"[0m
  Rendered posts/index.html.erb within layouts/application (1.7ms)
Completed 200 OK in 1209ms (Views: 1207.3ms | ActiveRecord: 0.3ms)


Started GET "/posts" for ::1 at 2018-08-09 14:20:31 -0400
Processing by PostsController#index as HTML
  [1m[35mPost Load (0.3ms)[0m  SELECT "posts".* FROM "posts"
  Rendered posts/index.html.erb within layouts/application (1.0ms)
Completed 200 OK in 60ms (Views: 59.1ms | ActiveRecord: 0.3ms)


Started GET "/posts" for ::1 at 2018-08-09 14:20:35 -0400
Processing by PostsController#index as HTML
  [1m[36mPost Load (0.2ms)[0m  [1mSELECT "posts".* FROM "posts"[0m
  Rendered posts/index.html.erb within layouts/application (0.9ms)
Completed 200 OK in 44ms (Views: 43.0ms | ActiveRecord: 0.2ms)


Started GET "/posts" for ::1 at 2018-08-09 14:22:01 -0400
Processing by PostsController#index as HTML
  [1m[35mPost Load (1.4ms)[0m  SELECT "posts".* FROM "posts"
  Rendered posts/index.html.erb within layouts/application (10.4ms)
Completed 200 OK in 111ms (Views: 101.7ms | ActiveRecord: 1.4ms)


Started GET "/posts" for ::1 at 2018-08-09 14:22:25 -0400
Processing by PostsController#index as HTML
  [1m[36mPost Load (0.3ms)[0m  [1mSELECT "posts".* FROM "posts"[0m
  Rendered posts/index.html.erb within layouts/application (1.0ms)
Completed 200 OK in 80ms (Views: 79.2ms | ActiveRecord: 0.3ms)


Started GET "/posts" for ::1 at 2018-08-09 14:25:54 -0400
  [1m[36mActiveRecord::SchemaMigration Load (0.2ms)[0m  [1mSELECT "schema_migrations".* FROM "schema_migrations"[0m
Processing by PostsController#index as HTML
  [1m[35mPost Load (0.2ms)[0m  SELECT "posts".* FROM "posts"
  Rendered posts/index.html.erb within layouts/application (3.5ms)
Completed 200 OK in 582ms (Views: 562.8ms | ActiveRecord: 0.3ms)


Started GET "/posts" for ::1 at 2018-08-09 14:27:08 -0400
Processing by PostsController#index as HTML
  [1m[36mPost Load (1.8ms)[0m  [1mSELECT "posts".* FROM "posts"[0m
  Rendered posts/index.html.erb within layouts/application (17.5ms)
Completed 200 OK in 156ms (Views: 142.9ms | ActiveRecord: 1.8ms)


Started GET "/posts" for ::1 at 2018-08-09 14:27:53 -0400
Processing by PostsController#index as HTML
  [1m[35mPost Load (0.2ms)[0m  SELECT "posts".* FROM "posts"
  Rendered posts/index.html.erb within layouts/application (0.8ms)
Completed 200 OK in 102ms (Views: 100.8ms | ActiveRecord: 0.2ms)
  [1m[36mPost Load (4.2ms)[0m  [1mSELECT "posts".* FROM "posts"[0m
  [1m[35m (0.5ms)[0m  begin transaction
  [1m[36mSQL (3.5ms)[0m  [1mINSERT INTO "posts" ("title", "description", "created_at", "updated_at") VALUES (?, ?, ?, ?)[0m  [["title", "something"], ["description", "asdfasfgasdfasgasfs"], ["created_at", "2018-08-09 18:30:24.560097"], ["updated_at", "2018-08-09 18:30:24.560097"]]
  [1m[35m (2.1ms)[0m  commit transaction


Started GET "/posts" for ::1 at 2018-08-09 14:30:28 -0400
Processing by PostsController#index as HTML
  [1m[36mPost Load (9.4ms)[0m  [1mSELECT "posts".* FROM "posts"[0m
  Rendered posts/index.html.erb within layouts/application (39.3ms)
Completed 200 OK in 147ms (Views: 128.1ms | ActiveRecord: 9.9ms)


Started GET "/posts/1" for ::1 at 2018-08-09 14:30:29 -0400
Processing by PostsController#show as HTML
  Parameters: {"id"=>"1"}
  [1m[35mPost Load (1.1ms)[0m  SELECT  "posts".* FROM "posts" WHERE "posts"."id" = ? LIMIT 1  [["id", 1]]
  Rendered posts/show.html.erb within layouts/application (1.8ms)
Completed 200 OK in 79ms (Views: 47.3ms | ActiveRecord: 1.1ms)


Started GET "/posts" for ::1 at 2018-08-09 14:31:52 -0400
Processing by PostsController#index as HTML
  [1m[36mPost Load (1.3ms)[0m  [1mSELECT "posts".* FROM "posts"[0m
  Rendered posts/index.html.erb within layouts/application (14.9ms)
Completed 200 OK in 132ms (Views: 121.7ms | ActiveRecord: 1.3ms)


Started GET "/posts/1" for ::1 at 2018-08-09 14:31:59 -0400
Processing by PostsController#show as HTML
  Parameters: {"id"=>"1"}
  [1m[35mPost Load (1.1ms)[0m  SELECT  "posts".* FROM "posts" WHERE "posts"."id" = ? LIMIT 1  [["id", 1]]
  Rendered posts/show.html.erb within layouts/application (0.4ms)
Completed 200 OK in 52ms (Views: 46.5ms | ActiveRecord: 1.1ms)


Started GET "/posts" for ::1 at 2018-08-09 14:33:17 -0400
Processing by PostsController#index as HTML
  [1m[36mPost Load (1.5ms)[0m  [1mSELECT "posts".* FROM "posts"[0m
  Rendered posts/index.html.erb within layouts/application (16.1ms)
Completed 200 OK in 123ms (Views: 111.5ms | ActiveRecord: 1.5ms)


Started GET "/posts/1" for ::1 at 2018-08-09 14:33:33 -0400
Processing by PostsController#show as HTML
  Parameters: {"id"=>"1"}
  [1m[35mPost Load (0.4ms)[0m  SELECT  "posts".* FROM "posts" WHERE "posts"."id" = ? LIMIT 1  [["id", 1]]
  Rendered posts/show.html.erb within layouts/application (0.3ms)
Completed 200 OK in 82ms (Views: 77.8ms | ActiveRecord: 0.4ms)


Started GET "/posts/1" for ::1 at 2018-08-09 14:34:51 -0400
Processing by PostsController#show as HTML
  Parameters: {"id"=>"1"}
  [1m[36mPost Load (1.1ms)[0m  [1mSELECT  "posts".* FROM "posts" WHERE "posts"."id" = ? LIMIT 1[0m  [["id", 1]]
  Rendered posts/show.html.erb within layouts/application (1.5ms)
Completed 200 OK in 118ms (Views: 105.5ms | ActiveRecord: 1.1ms)


Started GET "/posts/1" for ::1 at 2018-08-09 14:35:25 -0400
Processing by PostsController#show as HTML
  Parameters: {"id"=>"1"}
  [1m[35mPost Load (0.7ms)[0m  SELECT  "posts".* FROM "posts" WHERE "posts"."id" = ? LIMIT 1  [["id", 1]]
  Rendered posts/show.html.erb within layouts/application (0.1ms)
Completed 200 OK in 99ms (Views: 97.3ms | ActiveRecord: 0.7ms)
